<?xml version="1.0" encoding="UTF-8"?>
<!-- Generated by org.testng.reporters.JUnitReportReporter -->
<testsuite hostname="ES-LAPTOP-686" failures="0" tests="1" name="defaultPackage.SumValidation" time="1.088" errors="0" timestamp="2024-10-12T23:58:12 IST" skipped="0">
  <testcase classname="defaultPackage.SumValidation" name="sumOfCourses" time="1.088"/>
</testsuite> <!-- defaultPackage.SumValidation -->
