<?xml version="1.0" encoding="UTF-8"?>
<!-- Generated by org.testng.reporters.JUnitReportReporter -->
<testsuite hostname="ES-LAPTOP-686" failures="0" tests="3" name="files.DynamicJson" time="2.775" errors="0" timestamp="2024-10-14T17:43:48 IST" skipped="0">
  <testcase classname="files.DynamicJson" name="addBook" time="2.386"/>
  <testcase classname="files.DynamicJson" name="addBook" time="0.209"/>
  <testcase classname="files.DynamicJson" name="addBook" time="0.180"/>
</testsuite> <!-- files.DynamicJson -->
